[1022/123310.114:ERROR:process_reader_win.cc(123)] NtOpenThread: {Access Denied} A process has requested access to an object, but has not been granted those access rights. (0xc0000022)
[1022/123310.135:ERROR:exception_snapshot_win.cc(98)] thread ID 13992 not found in process
[1022/174225.144:ERROR:process_reader_win.cc(123)] NtOpenThread: {Access Denied} A process has requested access to an object, but has not been granted those access rights. (0xc0000022)
[1022/174225.144:ERROR:exception_snapshot_win.cc(98)] thread ID 3112 not found in process
[1023/140455.723:ERROR:process_reader_win.cc(123)] NtOpenThread: {Access Denied} A process has requested access to an object, but has not been granted those access rights. (0xc0000022)
[1023/140455.724:ERROR:exception_snapshot_win.cc(98)] thread ID 12092 not found in process
[1111/105222.106:ERROR:process_reader_win.cc(151)] SuspendThread: Access is denied. (0x5)
[1111/105222.135:ERROR:process_reader_win.cc(123)] NtOpenThread: {Access Denied} A process has requested access to an object, but has not been granted those access rights. (0xc0000022)
[1111/105222.154:ERROR:exception_snapshot_win.cc(98)] thread ID 29032 not found in process
[1112/112754.540:ERROR:process_reader_win.cc(123)] NtOpenThread: {Access Denied} A process has requested access to an object, but has not been granted those access rights. (0xc0000022)
[1112/112754.540:ERROR:exception_snapshot_win.cc(98)] thread ID 6348 not found in process
[1114/104148.266:ERROR:process_reader_win.cc(123)] NtOpenThread: {Access Denied} A process has requested access to an object, but has not been granted those access rights. (0xc0000022)
[1114/104148.299:ERROR:exception_snapshot_win.cc(98)] thread ID 11884 not found in process
[1116/113748.403:ERROR:process_reader_win.cc(123)] NtOpenThread: {Access Denied} A process has requested access to an object, but has not been granted those access rights. (0xc0000022)
[1116/113748.404:ERROR:exception_snapshot_win.cc(98)] thread ID 33212 not found in process
[1116/125836.633:ERROR:process_reader_win.cc(123)] NtOpenThread: {Access Denied} A process has requested access to an object, but has not been granted those access rights. (0xc0000022)
[1116/125836.634:ERROR:exception_snapshot_win.cc(98)] thread ID 36388 not found in process
[1116/145802.328:ERROR:process_reader_win.cc(123)] NtOpenThread: {Access Denied} A process has requested access to an object, but has not been granted those access rights. (0xc0000022)
[1116/145802.328:ERROR:exception_snapshot_win.cc(98)] thread ID 40804 not found in process
[1116/162838.628:ERROR:process_reader_win.cc(123)] NtOpenThread: {Access Denied} A process has requested access to an object, but has not been granted those access rights. (0xc0000022)
[1116/162838.628:ERROR:exception_snapshot_win.cc(98)] thread ID 39716 not found in process
[1116/162857.489:ERROR:process_reader_win.cc(123)] NtOpenThread: {Access Denied} A process has requested access to an object, but has not been granted those access rights. (0xc0000022)
[1116/162857.490:ERROR:exception_snapshot_win.cc(98)] thread ID 36380 not found in process
[1117/131255.885:ERROR:process_reader_win.cc(123)] NtOpenThread: {Access Denied} A process has requested access to an object, but has not been granted those access rights. (0xc0000022)
[1117/131256.487:ERROR:exception_snapshot_win.cc(98)] thread ID 9468 not found in process
[1117/131321.583:ERROR:process_reader_win.cc(123)] NtOpenThread: {Access Denied} A process has requested access to an object, but has not been granted those access rights. (0xc0000022)
[1117/131321.590:ERROR:exception_snapshot_win.cc(98)] thread ID 20304 not found in process
[1117/131620.936:ERROR:process_reader_win.cc(123)] NtOpenThread: {Access Denied} A process has requested access to an object, but has not been granted those access rights. (0xc0000022)
[1117/131620.936:ERROR:exception_snapshot_win.cc(98)] thread ID 11388 not found in process
[1117/132143.790:ERROR:process_reader_win.cc(123)] NtOpenThread: {Access Denied} A process has requested access to an object, but has not been granted those access rights. (0xc0000022)
[1117/132143.792:ERROR:exception_snapshot_win.cc(98)] thread ID 7136 not found in process
[1117/132908.268:ERROR:process_reader_win.cc(123)] NtOpenThread: {Access Denied} A process has requested access to an object, but has not been granted those access rights. (0xc0000022)
[1117/132908.269:ERROR:exception_snapshot_win.cc(98)] thread ID 13508 not found in process
[1117/133016.609:ERROR:process_reader_win.cc(151)] SuspendThread: Access is denied. (0x5)
[1117/133016.609:ERROR:process_reader_win.cc(123)] NtOpenThread: {Access Denied} A process has requested access to an object, but has not been granted those access rights. (0xc0000022)
[1117/133016.609:ERROR:exception_snapshot_win.cc(98)] thread ID 13428 not found in process
[1117/133116.250:ERROR:process_reader_win.cc(123)] NtOpenThread: {Access Denied} A process has requested access to an object, but has not been granted those access rights. (0xc0000022)
[1117/133116.252:ERROR:exception_snapshot_win.cc(98)] thread ID 13048 not found in process
[1117/133258.431:ERROR:process_reader_win.cc(151)] SuspendThread: Access is denied. (0x5)
[1117/133258.435:ERROR:process_reader_win.cc(123)] NtOpenThread: {Access Denied} A process has requested access to an object, but has not been granted those access rights. (0xc0000022)
[1117/133258.435:ERROR:exception_snapshot_win.cc(98)] thread ID 16496 not found in process
[1117/133440.091:ERROR:process_reader_win.cc(123)] NtOpenThread: {Access Denied} A process has requested access to an object, but has not been granted those access rights. (0xc0000022)
[1117/133440.093:ERROR:exception_snapshot_win.cc(98)] thread ID 20140 not found in process
[1117/135351.029:ERROR:process_reader_win.cc(123)] NtOpenThread: {Access Denied} A process has requested access to an object, but has not been granted those access rights. (0xc0000022)
[1117/135351.031:ERROR:exception_snapshot_win.cc(98)] thread ID 10536 not found in process
[1117/162756.283:ERROR:process_reader_win.cc(123)] NtOpenThread: {Access Denied} A process has requested access to an object, but has not been granted those access rights. (0xc0000022)
[1117/162756.283:ERROR:exception_snapshot_win.cc(98)] thread ID 7196 not found in process
[1118/170836.515:ERROR:process_reader_win.cc(123)] NtOpenThread: {Access Denied} A process has requested access to an object, but has not been granted those access rights. (0xc0000022)
[1118/170836.515:ERROR:exception_snapshot_win.cc(98)] thread ID 42592 not found in process
[1118/170910.155:ERROR:process_reader_win.cc(123)] NtOpenThread: {Access Denied} A process has requested access to an object, but has not been granted those access rights. (0xc0000022)
[1118/170910.156:ERROR:exception_snapshot_win.cc(98)] thread ID 42572 not found in process
[1118/173918.656:ERROR:process_reader_win.cc(123)] NtOpenThread: {Access Denied} A process has requested access to an object, but has not been granted those access rights. (0xc0000022)
[1118/173918.656:ERROR:exception_snapshot_win.cc(98)] thread ID 42512 not found in process
[1118/175659.704:ERROR:process_reader_win.cc(123)] NtOpenThread: {Access Denied} A process has requested access to an object, but has not been granted those access rights. (0xc0000022)
[1118/175659.705:ERROR:exception_snapshot_win.cc(98)] thread ID 28052 not found in process
[1118/180649.737:ERROR:process_reader_win.cc(123)] NtOpenThread: {Access Denied} A process has requested access to an object, but has not been granted those access rights. (0xc0000022)
[1118/180649.738:ERROR:exception_snapshot_win.cc(98)] thread ID 42340 not found in process
[1119/101515.124:ERROR:process_reader_win.cc(123)] NtOpenThread: {Access Denied} A process has requested access to an object, but has not been granted those access rights. (0xc0000022)
[1119/101515.124:ERROR:exception_snapshot_win.cc(98)] thread ID 41612 not found in process
[1119/101723.589:ERROR:process_reader_win.cc(123)] NtOpenThread: {Access Denied} A process has requested access to an object, but has not been granted those access rights. (0xc0000022)
[1119/101723.589:ERROR:exception_snapshot_win.cc(98)] thread ID 41140 not found in process
[1119/102325.952:ERROR:process_reader_win.cc(123)] NtOpenThread: {Access Denied} A process has requested access to an object, but has not been granted those access rights. (0xc0000022)
[1119/102325.952:ERROR:exception_snapshot_win.cc(98)] thread ID 560 not found in process
[1119/102552.246:ERROR:process_reader_win.cc(123)] NtOpenThread: {Access Denied} A process has requested access to an object, but has not been granted those access rights. (0xc0000022)
[1119/102552.246:ERROR:exception_snapshot_win.cc(98)] thread ID 41184 not found in process
[1119/104155.881:ERROR:process_reader_win.cc(123)] NtOpenThread: {Access Denied} A process has requested access to an object, but has not been granted those access rights. (0xc0000022)
[1119/104155.881:ERROR:exception_snapshot_win.cc(98)] thread ID 36576 not found in process
[1119/104516.747:ERROR:process_reader_win.cc(123)] NtOpenThread: {Access Denied} A process has requested access to an object, but has not been granted those access rights. (0xc0000022)
[1119/104516.747:ERROR:exception_snapshot_win.cc(98)] thread ID 18732 not found in process
[1119/132608.527:ERROR:process_reader_win.cc(123)] NtOpenThread: {Access Denied} A process has requested access to an object, but has not been granted those access rights. (0xc0000022)
[1119/132608.527:ERROR:exception_snapshot_win.cc(98)] thread ID 42140 not found in process
[1119/142642.510:ERROR:process_reader_win.cc(123)] NtOpenThread: {Access Denied} A process has requested access to an object, but has not been granted those access rights. (0xc0000022)
[1119/142642.510:ERROR:exception_snapshot_win.cc(98)] thread ID 16084 not found in process
[1119/143300.060:ERROR:process_reader_win.cc(123)] NtOpenThread: {Access Denied} A process has requested access to an object, but has not been granted those access rights. (0xc0000022)
[1119/143300.060:ERROR:exception_snapshot_win.cc(98)] thread ID 41912 not found in process
[1119/153243.530:ERROR:process_reader_win.cc(123)] NtOpenThread: {Access Denied} A process has requested access to an object, but has not been granted those access rights. (0xc0000022)
[1119/153243.531:ERROR:exception_snapshot_win.cc(98)] thread ID 10460 not found in process
[1120/104931.815:ERROR:process_reader_win.cc(123)] NtOpenThread: {Access Denied} A process has requested access to an object, but has not been granted those access rights. (0xc0000022)
[1120/104931.815:ERROR:exception_snapshot_win.cc(98)] thread ID 42252 not found in process
[1120/110513.732:ERROR:process_reader_win.cc(123)] NtOpenThread: {Access Denied} A process has requested access to an object, but has not been granted those access rights. (0xc0000022)
[1120/110513.732:ERROR:exception_snapshot_win.cc(98)] thread ID 41248 not found in process
[1120/125308.679:ERROR:process_reader_win.cc(123)] NtOpenThread: {Access Denied} A process has requested access to an object, but has not been granted those access rights. (0xc0000022)
[1120/125308.679:ERROR:exception_snapshot_win.cc(98)] thread ID 42096 not found in process
[1120/125710.153:ERROR:process_reader_win.cc(123)] NtOpenThread: {Access Denied} A process has requested access to an object, but has not been granted those access rights. (0xc0000022)
[1120/125710.153:ERROR:exception_snapshot_win.cc(98)] thread ID 39224 not found in process
[1120/132838.017:ERROR:process_reader_win.cc(123)] NtOpenThread: {Access Denied} A process has requested access to an object, but has not been granted those access rights. (0xc0000022)
[1120/132838.017:ERROR:exception_snapshot_win.cc(98)] thread ID 35740 not found in process
[1122/131632.632:ERROR:process_reader_win.cc(123)] NtOpenThread: {Access Denied} A process has requested access to an object, but has not been granted those access rights. (0xc0000022)
[1122/131632.664:ERROR:exception_snapshot_win.cc(98)] thread ID 45272 not found in process
[1122/131733.446:ERROR:process_reader_win.cc(123)] NtOpenThread: {Access Denied} A process has requested access to an object, but has not been granted those access rights. (0xc0000022)
[1122/131733.446:ERROR:exception_snapshot_win.cc(98)] thread ID 39716 not found in process
[1122/151404.972:ERROR:process_reader_win.cc(123)] NtOpenThread: {Access Denied} A process has requested access to an object, but has not been granted those access rights. (0xc0000022)
[1122/151404.973:ERROR:exception_snapshot_win.cc(98)] thread ID 32500 not found in process
[1122/151725.741:ERROR:process_reader_win.cc(123)] NtOpenThread: {Access Denied} A process has requested access to an object, but has not been granted those access rights. (0xc0000022)
[1122/151725.741:ERROR:exception_snapshot_win.cc(98)] thread ID 41372 not found in process
[1122/161101.028:ERROR:process_reader_win.cc(123)] NtOpenThread: {Access Denied} A process has requested access to an object, but has not been granted those access rights. (0xc0000022)
[1122/161101.028:ERROR:exception_snapshot_win.cc(98)] thread ID 38360 not found in process
[1122/161210.652:ERROR:process_reader_win.cc(123)] NtOpenThread: {Access Denied} A process has requested access to an object, but has not been granted those access rights. (0xc0000022)
[1122/161210.653:ERROR:exception_snapshot_win.cc(98)] thread ID 15740 not found in process
[1128/160131.747:ERROR:process_info.cc(329)] VirtualQueryEx: Access is denied. (0x5)
[1128/160131.763:ERROR:process_info.cc(556)] ReadMemoryInfo failed
[1128/160131.763:ERROR:process_memory_win.cc(39)] Failed to initialize ProcessInfo.
[1128/160131.763:ERROR:scoped_process_suspend.cc(40)] NtResumeProcess: An attempt was made to access an exiting process. (0xc000010a)
[1203/152609.778:ERROR:process_reader_win.cc(123)] NtOpenThread: {Access Denied} A process has requested access to an object, but has not been granted those access rights. (0xc0000022)
[1203/152609.793:ERROR:exception_snapshot_win.cc(98)] thread ID 71420 not found in process
[1205/114257.669:ERROR:process_reader_win.cc(123)] NtOpenThread: {Access Denied} A process has requested access to an object, but has not been granted those access rights. (0xc0000022)
[1205/114257.670:ERROR:exception_snapshot_win.cc(98)] thread ID 83376 not found in process
[1205/114440.061:ERROR:process_reader_win.cc(123)] NtOpenThread: {Access Denied} A process has requested access to an object, but has not been granted those access rights. (0xc0000022)
[1205/114440.062:ERROR:exception_snapshot_win.cc(98)] thread ID 81720 not found in process
[1205/114551.077:ERROR:process_reader_win.cc(123)] NtOpenThread: {Access Denied} A process has requested access to an object, but has not been granted those access rights. (0xc0000022)
[1205/114551.077:ERROR:exception_snapshot_win.cc(98)] thread ID 89868 not found in process
[1205/115602.444:ERROR:process_reader_win.cc(123)] NtOpenThread: {Access Denied} A process has requested access to an object, but has not been granted those access rights. (0xc0000022)
[1205/115602.445:ERROR:exception_snapshot_win.cc(98)] thread ID 68632 not found in process
[1206/154151.171:ERROR:process_reader_win.cc(123)] NtOpenThread: {Access Denied} A process has requested access to an object, but has not been granted those access rights. (0xc0000022)
[1206/154151.193:ERROR:exception_snapshot_win.cc(98)] thread ID 82912 not found in process
[1207/115719.295:ERROR:process_reader_win.cc(151)] SuspendThread: Access is denied. (0x5)
[1207/115719.295:ERROR:process_reader_win.cc(151)] SuspendThread: Access is denied. (0x5)
[1207/115719.295:ERROR:process_reader_win.cc(151)] SuspendThread: Access is denied. (0x5)
[1207/115719.295:ERROR:process_reader_win.cc(151)] SuspendThread: Access is denied. (0x5)
[1207/115719.295:ERROR:process_reader_win.cc(123)] NtOpenThread: {Access Denied} A process has requested access to an object, but has not been granted those access rights. (0xc0000022)
[1207/115719.295:ERROR:exception_snapshot_win.cc(98)] thread ID 96272 not found in process
[1207/124151.545:ERROR:process_reader_win.cc(123)] NtOpenThread: {Access Denied} A process has requested access to an object, but has not been granted those access rights. (0xc0000022)
[1207/124151.546:ERROR:exception_snapshot_win.cc(98)] thread ID 96516 not found in process
[1207/124436.548:ERROR:process_reader_win.cc(123)] NtOpenThread: {Access Denied} A process has requested access to an object, but has not been granted those access rights. (0xc0000022)
[1207/124436.548:ERROR:exception_snapshot_win.cc(98)] thread ID 85800 not found in process
[1207/124628.155:ERROR:process_reader_win.cc(123)] NtOpenThread: {Access Denied} A process has requested access to an object, but has not been granted those access rights. (0xc0000022)
[1207/124628.155:ERROR:exception_snapshot_win.cc(98)] thread ID 95972 not found in process
[1207/130133.161:ERROR:process_reader_win.cc(123)] NtOpenThread: {Access Denied} A process has requested access to an object, but has not been granted those access rights. (0xc0000022)
[1207/130133.161:ERROR:exception_snapshot_win.cc(98)] thread ID 75128 not found in process
[1207/143543.821:ERROR:process_reader_win.cc(123)] NtOpenThread: {Access Denied} A process has requested access to an object, but has not been granted those access rights. (0xc0000022)
[1207/143543.822:ERROR:exception_snapshot_win.cc(98)] thread ID 91256 not found in process
[1207/143818.805:ERROR:process_reader_win.cc(123)] NtOpenThread: {Access Denied} A process has requested access to an object, but has not been granted those access rights. (0xc0000022)
[1207/143818.805:ERROR:exception_snapshot_win.cc(98)] thread ID 97008 not found in process
[1207/150158.898:ERROR:process_reader_win.cc(123)] NtOpenThread: {Access Denied} A process has requested access to an object, but has not been granted those access rights. (0xc0000022)
[1207/150158.899:ERROR:exception_snapshot_win.cc(98)] thread ID 96384 not found in process
[1207/150257.534:ERROR:process_reader_win.cc(123)] NtOpenThread: {Access Denied} A process has requested access to an object, but has not been granted those access rights. (0xc0000022)
[1207/150257.534:ERROR:exception_snapshot_win.cc(98)] thread ID 96520 not found in process
[1207/150746.938:ERROR:process_reader_win.cc(123)] NtOpenThread: {Access Denied} A process has requested access to an object, but has not been granted those access rights. (0xc0000022)
[1207/150746.938:ERROR:exception_snapshot_win.cc(98)] thread ID 87372 not found in process
[1207/150934.818:ERROR:process_reader_win.cc(123)] NtOpenThread: {Access Denied} A process has requested access to an object, but has not been granted those access rights. (0xc0000022)
[1207/150934.818:ERROR:exception_snapshot_win.cc(98)] thread ID 73116 not found in process
[1207/160242.495:ERROR:process_reader_win.cc(123)] NtOpenThread: {Access Denied} A process has requested access to an object, but has not been granted those access rights. (0xc0000022)
[1207/160242.495:ERROR:exception_snapshot_win.cc(98)] thread ID 96072 not found in process
[1207/162947.753:ERROR:process_reader_win.cc(123)] NtOpenThread: {Access Denied} A process has requested access to an object, but has not been granted those access rights. (0xc0000022)
[1207/162947.753:ERROR:exception_snapshot_win.cc(98)] thread ID 96900 not found in process
[1217/112003.310:ERROR:process_reader_win.cc(123)] NtOpenThread: {Access Denied} A process has requested access to an object, but has not been granted those access rights. (0xc0000022)
[1217/112003.310:ERROR:exception_snapshot_win.cc(98)] thread ID 12988 not found in process
[1217/112003.315:ERROR:process_reader_win.cc(123)] NtOpenThread: {Access Denied} A process has requested access to an object, but has not been granted those access rights. (0xc0000022)
[1217/112003.316:ERROR:exception_snapshot_win.cc(98)] thread ID 13720 not found in process
[1217/113539.531:ERROR:process_reader_win.cc(151)] SuspendThread: Access is denied. (0x5)
[1217/113539.532:ERROR:process_reader_win.cc(151)] SuspendThread: Access is denied. (0x5)
[1217/113539.532:ERROR:process_reader_win.cc(151)] SuspendThread: Access is denied. (0x5)
[1217/113539.532:ERROR:process_reader_win.cc(151)] SuspendThread: Access is denied. (0x5)
[1217/113539.532:ERROR:process_reader_win.cc(151)] SuspendThread: Access is denied. (0x5)
[1217/113539.532:ERROR:process_reader_win.cc(123)] NtOpenThread: {Access Denied} A process has requested access to an object, but has not been granted those access rights. (0xc0000022)
[1217/113539.532:ERROR:exception_snapshot_win.cc(98)] thread ID 6020 not found in process
[1217/113539.542:ERROR:process_reader_win.cc(151)] SuspendThread: Access is denied. (0x5)
[1217/113539.542:ERROR:process_reader_win.cc(151)] SuspendThread: Access is denied. (0x5)
[1217/113539.542:ERROR:process_reader_win.cc(151)] SuspendThread: Access is denied. (0x5)
[1217/113539.542:ERROR:process_reader_win.cc(151)] SuspendThread: Access is denied. (0x5)
[1217/113539.542:ERROR:process_reader_win.cc(151)] SuspendThread: Access is denied. (0x5)
[1217/113539.542:ERROR:process_reader_win.cc(123)] NtOpenThread: {Access Denied} A process has requested access to an object, but has not been granted those access rights. (0xc0000022)
[1217/113539.542:ERROR:exception_snapshot_win.cc(98)] thread ID 14976 not found in process
[1217/113539.552:ERROR:process_reader_win.cc(151)] SuspendThread: Access is denied. (0x5)
[1217/113539.552:ERROR:process_reader_win.cc(151)] SuspendThread: Access is denied. (0x5)
[1217/113539.552:ERROR:process_reader_win.cc(151)] SuspendThread: Access is denied. (0x5)
[1217/113539.552:ERROR:process_reader_win.cc(151)] SuspendThread: Access is denied. (0x5)
[1217/113539.552:ERROR:process_reader_win.cc(151)] SuspendThread: Access is denied. (0x5)
[1217/113539.552:ERROR:process_reader_win.cc(123)] NtOpenThread: {Access Denied} A process has requested access to an object, but has not been granted those access rights. (0xc0000022)
[1217/113539.552:ERROR:exception_snapshot_win.cc(98)] thread ID 748 not found in process
[1217/113539.556:ERROR:process_reader_win.cc(123)] NtOpenThread: {Access Denied} A process has requested access to an object, but has not been granted those access rights. (0xc0000022)
[1217/113539.557:ERROR:exception_snapshot_win.cc(98)] thread ID 14896 not found in process
[1217/122133.232:ERROR:process_reader_win.cc(123)] NtOpenThread: {Access Denied} A process has requested access to an object, but has not been granted those access rights. (0xc0000022)
[1217/122133.233:ERROR:exception_snapshot_win.cc(98)] thread ID 4936 not found in process
[1217/122133.233:ERROR:process_reader_win.cc(123)] NtOpenThread: {Access Denied} A process has requested access to an object, but has not been granted those access rights. (0xc0000022)
[1217/122133.233:ERROR:exception_snapshot_win.cc(98)] thread ID 5472 not found in process
[1217/122133.251:ERROR:process_reader_win.cc(123)] NtOpenThread: {Access Denied} A process has requested access to an object, but has not been granted those access rights. (0xc0000022)
[1217/122133.251:ERROR:exception_snapshot_win.cc(98)] thread ID 12172 not found in process
[1217/132542.440:ERROR:process_reader_win.cc(151)] SuspendThread: Access is denied. (0x5)
[1217/132542.441:ERROR:process_reader_win.cc(151)] SuspendThread: Access is denied. (0x5)
[1217/132542.441:ERROR:process_reader_win.cc(151)] SuspendThread: Access is denied. (0x5)
[1217/132542.441:ERROR:process_reader_win.cc(151)] SuspendThread: Access is denied. (0x5)
[1217/132542.441:ERROR:process_reader_win.cc(151)] SuspendThread: Access is denied. (0x5)
[1217/132542.441:ERROR:process_reader_win.cc(123)] NtOpenThread: {Access Denied} A process has requested access to an object, but has not been granted those access rights. (0xc0000022)
[1217/132542.441:ERROR:exception_snapshot_win.cc(98)] thread ID 8608 not found in process
[1217/132542.442:ERROR:process_reader_win.cc(151)] SuspendThread: Access is denied. (0x5)
[1217/132542.442:ERROR:process_reader_win.cc(151)] SuspendThread: Access is denied. (0x5)
[1217/132542.442:ERROR:process_reader_win.cc(151)] SuspendThread: Access is denied. (0x5)
[1217/132542.442:ERROR:process_reader_win.cc(151)] SuspendThread: Access is denied. (0x5)
[1217/132542.442:ERROR:process_reader_win.cc(151)] SuspendThread: Access is denied. (0x5)
[1217/132542.442:ERROR:process_reader_win.cc(123)] NtOpenThread: {Access Denied} A process has requested access to an object, but has not been granted those access rights. (0xc0000022)
[1217/132542.442:ERROR:exception_snapshot_win.cc(98)] thread ID 5228 not found in process
[1217/132542.455:ERROR:process_reader_win.cc(151)] SuspendThread: Access is denied. (0x5)
[1217/132542.456:ERROR:process_reader_win.cc(151)] SuspendThread: Access is denied. (0x5)
[1217/132542.456:ERROR:process_reader_win.cc(151)] SuspendThread: Access is denied. (0x5)
[1217/132542.456:ERROR:process_reader_win.cc(151)] SuspendThread: Access is denied. (0x5)
[1217/132542.456:ERROR:process_reader_win.cc(151)] SuspendThread: Access is denied. (0x5)
[1217/132542.456:ERROR:process_reader_win.cc(123)] NtOpenThread: {Access Denied} A process has requested access to an object, but has not been granted those access rights. (0xc0000022)
[1217/132542.456:ERROR:exception_snapshot_win.cc(98)] thread ID 13736 not found in process
[1217/132542.485:ERROR:process_reader_win.cc(123)] NtOpenThread: {Access Denied} A process has requested access to an object, but has not been granted those access rights. (0xc0000022)
[1217/132542.486:ERROR:exception_snapshot_win.cc(98)] thread ID 4732 not found in process
[1217/134110.691:ERROR:process_reader_win.cc(151)] SuspendThread: Access is denied. (0x5)
[1217/134110.692:ERROR:process_reader_win.cc(151)] SuspendThread: Access is denied. (0x5)
[1217/134110.692:ERROR:process_reader_win.cc(151)] SuspendThread: Access is denied. (0x5)
[1217/134110.692:ERROR:process_reader_win.cc(151)] SuspendThread: Access is denied. (0x5)
[1217/134110.692:ERROR:process_reader_win.cc(123)] NtOpenThread: {Access Denied} A process has requested access to an object, but has not been granted those access rights. (0xc0000022)
[1217/134110.692:ERROR:exception_snapshot_win.cc(98)] thread ID 3236 not found in process
[1217/134110.710:ERROR:process_reader_win.cc(123)] NtOpenThread: {Access Denied} A process has requested access to an object, but has not been granted those access rights. (0xc0000022)
[1217/134110.718:ERROR:exception_snapshot_win.cc(98)] thread ID 16532 not found in process
[1217/134110.730:ERROR:process_reader_win.cc(123)] NtOpenThread: {Access Denied} A process has requested access to an object, but has not been granted those access rights. (0xc0000022)
[1217/134110.731:ERROR:exception_snapshot_win.cc(98)] thread ID 15052 not found in process
[1217/134110.738:ERROR:process_reader_win.cc(123)] NtOpenThread: {Access Denied} A process has requested access to an object, but has not been granted those access rights. (0xc0000022)
[1217/134110.739:ERROR:exception_snapshot_win.cc(98)] thread ID 17908 not found in process
[1217/134934.714:ERROR:process_reader_win.cc(123)] NtOpenThread: {Access Denied} A process has requested access to an object, but has not been granted those access rights. (0xc0000022)
[1217/134934.715:ERROR:exception_snapshot_win.cc(98)] thread ID 15580 not found in process
[1217/134934.718:ERROR:process_reader_win.cc(123)] NtOpenThread: {Access Denied} A process has requested access to an object, but has not been granted those access rights. (0xc0000022)
[1217/134934.718:ERROR:exception_snapshot_win.cc(98)] thread ID 15760 not found in process
[1217/151708.706:ERROR:process_reader_win.cc(151)] SuspendThread: Access is denied. (0x5)
[1217/151708.706:ERROR:process_reader_win.cc(151)] SuspendThread: Access is denied. (0x5)
[1217/151708.706:ERROR:process_reader_win.cc(151)] SuspendThread: Access is denied. (0x5)
[1217/151708.706:ERROR:process_reader_win.cc(151)] SuspendThread: Access is denied. (0x5)
[1217/151708.706:ERROR:process_reader_win.cc(151)] SuspendThread: Access is denied. (0x5)
[1217/151708.706:ERROR:process_reader_win.cc(123)] NtOpenThread: {Access Denied} A process has requested access to an object, but has not been granted those access rights. (0xc0000022)
[1217/151708.706:ERROR:exception_snapshot_win.cc(98)] thread ID 16076 not found in process
[1217/151708.707:ERROR:process_reader_win.cc(151)] SuspendThread: Access is denied. (0x5)
[1217/151708.708:ERROR:process_reader_win.cc(151)] SuspendThread: Access is denied. (0x5)
[1217/151708.708:ERROR:process_reader_win.cc(151)] SuspendThread: Access is denied. (0x5)
[1217/151708.708:ERROR:process_reader_win.cc(151)] SuspendThread: Access is denied. (0x5)
[1217/151708.708:ERROR:process_reader_win.cc(123)] NtOpenThread: {Access Denied} A process has requested access to an object, but has not been granted those access rights. (0xc0000022)
[1217/151708.708:ERROR:exception_snapshot_win.cc(98)] thread ID 15908 not found in process
[1217/152305.979:ERROR:process_reader_win.cc(123)] NtOpenThread: {Access Denied} A process has requested access to an object, but has not been granted those access rights. (0xc0000022)
[1217/152305.979:ERROR:exception_snapshot_win.cc(98)] thread ID 12832 not found in process
[1217/152305.986:ERROR:process_reader_win.cc(123)] NtOpenThread: {Access Denied} A process has requested access to an object, but has not been granted those access rights. (0xc0000022)
[1217/152305.987:ERROR:exception_snapshot_win.cc(98)] thread ID 3272 not found in process
[1217/152305.993:ERROR:process_reader_win.cc(123)] NtOpenThread: {Access Denied} A process has requested access to an object, but has not been granted those access rights. (0xc0000022)
[1217/152305.993:ERROR:exception_snapshot_win.cc(98)] thread ID 18776 not found in process
[1217/152539.803:ERROR:process_reader_win.cc(151)] SuspendThread: Access is denied. (0x5)
[1217/152539.803:ERROR:process_reader_win.cc(151)] SuspendThread: Access is denied. (0x5)
[1217/152539.803:ERROR:process_reader_win.cc(151)] SuspendThread: Access is denied. (0x5)
[1217/152539.803:ERROR:process_reader_win.cc(151)] SuspendThread: Access is denied. (0x5)
[1217/152539.803:ERROR:process_reader_win.cc(123)] NtOpenThread: {Access Denied} A process has requested access to an object, but has not been granted those access rights. (0xc0000022)
[1217/152539.803:ERROR:exception_snapshot_win.cc(98)] thread ID 15728 not found in process
[1217/152539.821:ERROR:process_reader_win.cc(151)] SuspendThread: Access is denied. (0x5)
[1217/152539.822:ERROR:process_reader_win.cc(151)] SuspendThread: Access is denied. (0x5)
[1217/152539.822:ERROR:process_reader_win.cc(151)] SuspendThread: Access is denied. (0x5)
[1217/152539.822:ERROR:process_reader_win.cc(151)] SuspendThread: Access is denied. (0x5)
[1217/152539.822:ERROR:process_reader_win.cc(151)] SuspendThread: Access is denied. (0x5)
[1217/152539.822:ERROR:process_reader_win.cc(123)] NtOpenThread: {Access Denied} A process has requested access to an object, but has not been granted those access rights. (0xc0000022)
[1217/152539.822:ERROR:exception_snapshot_win.cc(98)] thread ID 13160 not found in process
[1217/152539.825:ERROR:process_reader_win.cc(151)] SuspendThread: Access is denied. (0x5)
[1217/152539.826:ERROR:process_reader_win.cc(151)] SuspendThread: Access is denied. (0x5)
[1217/152539.826:ERROR:process_reader_win.cc(151)] SuspendThread: Access is denied. (0x5)
[1217/152539.826:ERROR:process_reader_win.cc(123)] NtOpenThread: {Access Denied} A process has requested access to an object, but has not been granted those access rights. (0xc0000022)
[1217/152539.826:ERROR:exception_snapshot_win.cc(98)] thread ID 17464 not found in process
[1217/152539.839:ERROR:process_reader_win.cc(151)] SuspendThread: Access is denied. (0x5)
[1217/152539.840:ERROR:process_reader_win.cc(151)] SuspendThread: Access is denied. (0x5)
[1217/152539.840:ERROR:process_reader_win.cc(151)] SuspendThread: Access is denied. (0x5)
[1217/152539.840:ERROR:process_reader_win.cc(151)] SuspendThread: Access is denied. (0x5)
[1217/152539.840:ERROR:process_reader_win.cc(123)] NtOpenThread: {Access Denied} A process has requested access to an object, but has not been granted those access rights. (0xc0000022)
[1217/152539.840:ERROR:exception_snapshot_win.cc(98)] thread ID 18152 not found in process
[1217/164025.657:ERROR:process_reader_win.cc(151)] SuspendThread: Access is denied. (0x5)
[1217/164025.658:ERROR:process_reader_win.cc(151)] SuspendThread: Access is denied. (0x5)
[1217/164025.658:ERROR:process_reader_win.cc(151)] SuspendThread: Access is denied. (0x5)
[1217/164025.658:ERROR:process_reader_win.cc(151)] SuspendThread: Access is denied. (0x5)
[1217/164025.658:ERROR:process_reader_win.cc(123)] NtOpenThread: {Access Denied} A process has requested access to an object, but has not been granted those access rights. (0xc0000022)
[1217/164025.658:ERROR:exception_snapshot_win.cc(98)] thread ID 19844 not found in process
[1217/164025.698:ERROR:process_reader_win.cc(151)] SuspendThread: Access is denied. (0x5)
[1217/164025.698:ERROR:process_reader_win.cc(151)] SuspendThread: Access is denied. (0x5)
[1217/164025.698:ERROR:process_reader_win.cc(151)] SuspendThread: Access is denied. (0x5)
[1217/164025.698:ERROR:process_reader_win.cc(123)] NtOpenThread: {Access Denied} A process has requested access to an object, but has not been granted those access rights. (0xc0000022)
[1217/164025.698:ERROR:exception_snapshot_win.cc(98)] thread ID 17176 not found in process
[1217/164025.698:ERROR:process_reader_win.cc(151)] SuspendThread: Access is denied. (0x5)
[1217/164025.698:ERROR:process_reader_win.cc(151)] SuspendThread: Access is denied. (0x5)
[1217/164025.698:ERROR:process_reader_win.cc(151)] SuspendThread: Access is denied. (0x5)
[1217/164025.698:ERROR:process_reader_win.cc(151)] SuspendThread: Access is denied. (0x5)
[1217/164025.698:ERROR:process_reader_win.cc(123)] NtOpenThread: {Access Denied} A process has requested access to an object, but has not been granted those access rights. (0xc0000022)
[1217/164025.698:ERROR:exception_snapshot_win.cc(98)] thread ID 604 not found in process
[1217/164025.708:ERROR:process_reader_win.cc(123)] NtOpenThread: {Access Denied} A process has requested access to an object, but has not been granted those access rights. (0xc0000022)
[1217/164025.709:ERROR:exception_snapshot_win.cc(98)] thread ID 19480 not found in process
[1217/170138.026:ERROR:process_reader_win.cc(151)] SuspendThread: Access is denied. (0x5)
[1217/170138.034:ERROR:process_reader_win.cc(151)] SuspendThread: Access is denied. (0x5)
[1217/170138.034:ERROR:process_reader_win.cc(151)] SuspendThread: Access is denied. (0x5)
[1217/170138.034:ERROR:process_reader_win.cc(151)] SuspendThread: Access is denied. (0x5)
[1217/170138.034:ERROR:process_reader_win.cc(123)] NtOpenThread: {Access Denied} A process has requested access to an object, but has not been granted those access rights. (0xc0000022)
[1217/170138.034:ERROR:exception_snapshot_win.cc(98)] thread ID 20916 not found in process
[1217/170138.042:ERROR:process_reader_win.cc(151)] SuspendThread: Access is denied. (0x5)
[1217/170138.043:ERROR:process_reader_win.cc(151)] SuspendThread: Access is denied. (0x5)
[1217/170138.043:ERROR:process_reader_win.cc(151)] SuspendThread: Access is denied. (0x5)
[1217/170138.043:ERROR:process_reader_win.cc(151)] SuspendThread: Access is denied. (0x5)
[1217/170138.043:ERROR:process_reader_win.cc(123)] NtOpenThread: {Access Denied} A process has requested access to an object, but has not been granted those access rights. (0xc0000022)
[1217/170138.043:ERROR:exception_snapshot_win.cc(98)] thread ID 19780 not found in process
[1217/170138.056:ERROR:process_reader_win.cc(123)] NtOpenThread: {Access Denied} A process has requested access to an object, but has not been granted those access rights. (0xc0000022)
[1217/170138.056:ERROR:exception_snapshot_win.cc(98)] thread ID 17132 not found in process
[1217/170138.073:ERROR:process_reader_win.cc(123)] NtOpenThread: {Access Denied} A process has requested access to an object, but has not been granted those access rights. (0xc0000022)
[1217/170138.073:ERROR:exception_snapshot_win.cc(98)] thread ID 20392 not found in process
[1217/173720.038:ERROR:process_reader_win.cc(123)] NtOpenThread: {Access Denied} A process has requested access to an object, but has not been granted those access rights. (0xc0000022)
[1217/173720.038:ERROR:exception_snapshot_win.cc(98)] thread ID 20540 not found in process
[1217/173720.045:ERROR:process_reader_win.cc(123)] NtOpenThread: {Access Denied} A process has requested access to an object, but has not been granted those access rights. (0xc0000022)
[1217/173720.046:ERROR:exception_snapshot_win.cc(98)] thread ID 21352 not found in process
